<?xml version="1.0" encoding="UTF-8"?>
<coverage generated="1723094404956" clover="3.2.0">
  <project timestamp="1723094404956" name="All files">
    <metrics statements="45" coveredstatements="45" conditionals="22" coveredconditionals="21" methods="16" coveredmethods="16" elements="83" coveredelements="82" complexity="0" loc="45" ncloc="45" packages="2" files="5" classes="5"/>
    <package name="components">
      <metrics statements="17" coveredstatements="17" conditionals="2" coveredconditionals="2" methods="4" coveredmethods="4"/>
      <file name="Modal.tsx" path="/Users/jrdnbrj/Documents/git/neoris/jordan-javier-borja-teran/src/components/Modal.tsx">
        <metrics statements="3" coveredstatements="3" conditionals="2" coveredconditionals="2" methods="1" coveredmethods="1"/>
        <line num="10" count="1" type="stmt"/>
        <line num="11" count="4" type="stmt"/>
        <line num="28" count="1" type="stmt"/>
      </file>
      <file name="TableRow.tsx" path="/Users/jrdnbrj/Documents/git/neoris/jordan-javier-borja-teran/src/components/TableRow.tsx">
        <metrics statements="11" coveredstatements="11" conditionals="0" coveredconditionals="0" methods="2" coveredmethods="2"/>
        <line num="2" count="1" type="stmt"/>
        <line num="3" count="1" type="stmt"/>
        <line num="6" count="1" type="stmt"/>
        <line num="8" count="3" type="stmt"/>
        <line num="9" count="6" type="stmt"/>
        <line num="10" count="6" type="stmt"/>
        <line num="11" count="6" type="stmt"/>
        <line num="12" count="6" type="stmt"/>
        <line num="13" count="6" type="stmt"/>
        <line num="16" count="3" type="stmt"/>
        <line num="28" count="1" type="stmt"/>
      </file>
      <file name="Tooltip.tsx" path="/Users/jrdnbrj/Documents/git/neoris/jordan-javier-borja-teran/src/components/Tooltip.tsx">
        <metrics statements="3" coveredstatements="3" conditionals="0" coveredconditionals="0" methods="1" coveredmethods="1"/>
        <line num="5" count="1" type="stmt"/>
        <line num="6" count="2" type="stmt"/>
        <line num="23" count="1" type="stmt"/>
      </file>
    </package>
    <package name="pages.products.ProductForm">
      <metrics statements="28" coveredstatements="28" conditionals="20" coveredconditionals="19" methods="12" coveredmethods="12"/>
      <file name="FormField.tsx" path="/Users/jrdnbrj/Documents/git/neoris/jordan-javier-borja-teran/src/pages/products/ProductForm/FormField.tsx">
        <metrics statements="10" coveredstatements="10" conditionals="9" coveredconditionals="8" methods="2" coveredmethods="2"/>
        <line num="2" count="1" type="stmt"/>
        <line num="16" count="1" type="stmt"/>
        <line num="19" count="8" type="stmt"/>
        <line num="20" count="8" type="cond" truecount="1" falsecount="0"/>
        <line num="21" count="1" type="stmt"/>
        <line num="23" count="7" type="cond" truecount="1" falsecount="0"/>
        <line num="24" count="1" type="stmt"/>
        <line num="34" count="6" type="stmt"/>
        <line num="46" count="8" type="stmt"/>
        <line num="55" count="1" type="stmt"/>
      </file>
      <file name="formValidation.ts" path="/Users/jrdnbrj/Documents/git/neoris/jordan-javier-borja-teran/src/pages/products/ProductForm/formValidation.ts">
        <metrics statements="18" coveredstatements="18" conditionals="11" coveredconditionals="11" methods="10" coveredmethods="10"/>
        <line num="3" count="5" type="cond" truecount="2" falsecount="0"/>
        <line num="5" count="3" type="stmt"/>
        <line num="6" count="4" type="cond" truecount="2" falsecount="0"/>
        <line num="8" count="1" type="stmt"/>
        <line num="9" count="2" type="cond" truecount="2" falsecount="0"/>
        <line num="11" count="1" type="stmt"/>
        <line num="12" count="2" type="cond" truecount="2" falsecount="0"/>
        <line num="14" count="1" type="stmt"/>
        <line num="15" count="3" type="stmt"/>
        <line num="16" count="3" type="stmt"/>
        <line num="17" count="3" type="stmt"/>
        <line num="18" count="3" type="stmt"/>
        <line num="19" count="3" type="cond" truecount="2" falsecount="0"/>
        <line num="22" count="1" type="stmt"/>
        <line num="23" count="3" type="stmt"/>
        <line num="24" count="5" type="stmt"/>
        <line num="25" count="5" type="cond" truecount="1" falsecount="0"/>
        <line num="27" count="1" type="stmt"/>
      </file>
    </package>
  </project>
</coverage>
