{"/Users/jrdnbrj/Documents/git/neoris/jordan-javier-borja-teran/src/components/Modal.tsx": {"path":"/Users/jrdnbrj/Documents/git/neoris/jordan-javier-borja-teran/src/components/Modal.tsx","statementMap":{"0":{"start":{"line":10,"column":36},"end":{"line":26,"column":1}},"1":{"start":{"line":11,"column":4},"end":{"line":25,"column":6}},"2":{"start":{"line":28,"column":0},"end":{"line":28,"column":21}}},"fnMap":{"0":{"name":"(anonymous_0)","decl":{"start":{"line":10,"column":36},"end":{"line":10,"column":37}},"loc":{"start":{"line":10,"column":80},"end":{"line":26,"column":1}}}},"branchMap":{"0":{"loc":{"start":{"line":19,"column":63},"end":{"line":19,"column":84}},"type":"binary-expr","locations":[{"start":{"line":19,"column":63},"end":{"line":19,"column":70}},{"start":{"line":19,"column":74},"end":{"line":19,"column":84}}]}},"s":{"0":1,"1":4,"2":1},"f":{"0":4},"b":{"0":[4,1]}}
,"/Users/jrdnbrj/Documents/git/neoris/jordan-javier-borja-teran/src/components/TableRow.tsx": {"path":"/Users/jrdnbrj/Documents/git/neoris/jordan-javier-borja-teran/src/components/TableRow.tsx","statementMap":{"0":{"start":{"line":2,"column":0},"end":{"line":2,"column":44}},"1":{"start":{"line":3,"column":0},"end":{"line":3,"column":38}},"2":{"start":{"line":6,"column":49},"end":{"line":26,"column":1}},"3":{"start":{"line":8,"column":23},"end":{"line":14,"column":5}},"4":{"start":{"line":9,"column":24},"end":{"line":9,"column":38}},"5":{"start":{"line":10,"column":20},"end":{"line":10,"column":65}},"6":{"start":{"line":11,"column":22},"end":{"line":11,"column":72}},"7":{"start":{"line":12,"column":21},"end":{"line":12,"column":45}},"8":{"start":{"line":13,"column":8},"end":{"line":13,"column":41}},"9":{"start":{"line":16,"column":4},"end":{"line":25,"column":6}},"10":{"start":{"line":28,"column":0},"end":{"line":28,"column":24}}},"fnMap":{"0":{"name":"(anonymous_1)","decl":{"start":{"line":6,"column":49},"end":{"line":6,"column":50}},"loc":{"start":{"line":6,"column":65},"end":{"line":26,"column":1}}},"1":{"name":"(anonymous_2)","decl":{"start":{"line":8,"column":23},"end":{"line":8,"column":24}},"loc":{"start":{"line":8,"column":40},"end":{"line":14,"column":5}}}},"branchMap":{},"s":{"0":1,"1":1,"2":1,"3":3,"4":6,"5":6,"6":6,"7":6,"8":6,"9":3,"10":1},"f":{"0":3,"1":6},"b":{}}
,"/Users/jrdnbrj/Documents/git/neoris/jordan-javier-borja-teran/src/components/Tooltip.tsx": {"path":"/Users/jrdnbrj/Documents/git/neoris/jordan-javier-borja-teran/src/components/Tooltip.tsx","statementMap":{"0":{"start":{"line":5,"column":16},"end":{"line":21,"column":1}},"1":{"start":{"line":6,"column":4},"end":{"line":20,"column":6}},"2":{"start":{"line":23,"column":0},"end":{"line":23,"column":23}}},"fnMap":{"0":{"name":"(anonymous_0)","decl":{"start":{"line":5,"column":16},"end":{"line":5,"column":17}},"loc":{"start":{"line":5,"column":43},"end":{"line":21,"column":1}}}},"branchMap":{},"s":{"0":1,"1":2,"2":1},"f":{"0":2},"b":{}}
,"/Users/jrdnbrj/Documents/git/neoris/jordan-javier-borja-teran/src/pages/products/ProductForm/FormField.tsx": {"path":"/Users/jrdnbrj/Documents/git/neoris/jordan-javier-borja-teran/src/pages/products/ProductForm/FormField.tsx","statementMap":{"0":{"start":{"line":2,"column":0},"end":{"line":2,"column":52}},"1":{"start":{"line":16,"column":18},"end":{"line":53,"column":1}},"2":{"start":{"line":19,"column":24},"end":{"line":44,"column":5}},"3":{"start":{"line":20,"column":8},"end":{"line":21,"column":61}},"4":{"start":{"line":21,"column":12},"end":{"line":21,"column":61}},"5":{"start":{"line":23,"column":8},"end":{"line":32,"column":14}},"6":{"start":{"line":24,"column":12},"end":{"line":32,"column":14}},"7":{"start":{"line":34,"column":8},"end":{"line":43,"column":10}},"8":{"start":{"line":46,"column":4},"end":{"line":52,"column":6}},"9":{"start":{"line":55,"column":0},"end":{"line":55,"column":25}}},"fnMap":{"0":{"name":"(anonymous_1)","decl":{"start":{"line":16,"column":18},"end":{"line":16,"column":19}},"loc":{"start":{"line":18,"column":21},"end":{"line":53,"column":1}}},"1":{"name":"(anonymous_2)","decl":{"start":{"line":19,"column":24},"end":{"line":19,"column":27}},"loc":{"start":{"line":19,"column":29},"end":{"line":44,"column":5}}}},"branchMap":{"0":{"loc":{"start":{"line":17,"column":11},"end":{"line":17,"column":24}},"type":"default-arg","locations":[{"start":{"line":17,"column":18},"end":{"line":17,"column":24}}]},"1":{"loc":{"start":{"line":20,"column":8},"end":{"line":21,"column":61}},"type":"if","locations":[{"start":{"line":20,"column":8},"end":{"line":21,"column":61}}]},"2":{"loc":{"start":{"line":23,"column":8},"end":{"line":32,"column":14}},"type":"if","locations":[{"start":{"line":23,"column":8},"end":{"line":32,"column":14}}]},"3":{"loc":{"start":{"line":28,"column":31},"end":{"line":28,"column":51}},"type":"cond-expr","locations":[{"start":{"line":28,"column":39},"end":{"line":28,"column":46}},{"start":{"line":28,"column":49},"end":{"line":28,"column":51}}]},"4":{"loc":{"start":{"line":39,"column":27},"end":{"line":39,"column":47}},"type":"cond-expr","locations":[{"start":{"line":39,"column":35},"end":{"line":39,"column":42}},{"start":{"line":39,"column":45},"end":{"line":39,"column":47}}]},"5":{"loc":{"start":{"line":50,"column":13},"end":{"line":50,"column":65}},"type":"binary-expr","locations":[{"start":{"line":50,"column":13},"end":{"line":50,"column":18}},{"start":{"line":50,"column":22},"end":{"line":50,"column":65}}]}},"s":{"0":1,"1":1,"2":8,"3":8,"4":1,"5":7,"6":1,"7":6,"8":8,"9":1},"f":{"0":8,"1":8},"b":{"0":[8],"1":[1],"2":[1],"3":[0,1],"4":[1,5],"5":[8,1]}}
,"/Users/jrdnbrj/Documents/git/neoris/jordan-javier-borja-teran/src/pages/products/ProductForm/formValidation.ts": {"path":"/Users/jrdnbrj/Documents/git/neoris/jordan-javier-borja-teran/src/pages/products/ProductForm/formValidation.ts","statementMap":{"0":{"start":{"line":3,"column":24},"end":{"line":3,"column":110}},"1":{"start":{"line":3,"column":63},"end":{"line":3,"column":110}},"2":{"start":{"line":3,"column":13},"end":{"line":3,"column":24}},"3":{"start":{"line":5,"column":25},"end":{"line":6,"column":47}},"4":{"start":{"line":5,"column":78},"end":{"line":6,"column":47}},"5":{"start":{"line":6,"column":4},"end":{"line":6,"column":47}},"6":{"start":{"line":5,"column":13},"end":{"line":5,"column":25}},"7":{"start":{"line":8,"column":25},"end":{"line":9,"column":47}},"8":{"start":{"line":8,"column":78},"end":{"line":9,"column":47}},"9":{"start":{"line":9,"column":4},"end":{"line":9,"column":47}},"10":{"start":{"line":8,"column":13},"end":{"line":8,"column":25}},"11":{"start":{"line":11,"column":25},"end":{"line":12,"column":70}},"12":{"start":{"line":11,"column":74},"end":{"line":12,"column":70}},"13":{"start":{"line":12,"column":4},"end":{"line":12,"column":70}},"14":{"start":{"line":11,"column":13},"end":{"line":11,"column":25}},"15":{"start":{"line":14,"column":23},"end":{"line":20,"column":1}},"16":{"start":{"line":14,"column":72},"end":{"line":20,"column":1}},"17":{"start":{"line":15,"column":25},"end":{"line":15,"column":40}},"18":{"start":{"line":16,"column":4},"end":{"line":16,"column":38}},"19":{"start":{"line":17,"column":27},"end":{"line":17,"column":41}},"20":{"start":{"line":18,"column":4},"end":{"line":18,"column":40}},"21":{"start":{"line":19,"column":4},"end":{"line":19,"column":64}},"22":{"start":{"line":14,"column":13},"end":{"line":14,"column":23}},"23":{"start":{"line":22,"column":29},"end":{"line":28,"column":1}},"24":{"start":{"line":23,"column":4},"end":{"line":26,"column":5}},"25":{"start":{"line":24,"column":22},"end":{"line":24,"column":33}},"26":{"start":{"line":25,"column":8},"end":{"line":25,"column":32}},"27":{"start":{"line":25,"column":19},"end":{"line":25,"column":32}},"28":{"start":{"line":27,"column":4},"end":{"line":27,"column":21}},"29":{"start":{"line":22,"column":13},"end":{"line":22,"column":29}}},"fnMap":{"0":{"name":"(anonymous_0)","decl":{"start":{"line":3,"column":24},"end":{"line":3,"column":25}},"loc":{"start":{"line":3,"column":63},"end":{"line":3,"column":110}}},"1":{"name":"(anonymous_1)","decl":{"start":{"line":5,"column":25},"end":{"line":5,"column":26}},"loc":{"start":{"line":5,"column":78},"end":{"line":6,"column":47}}},"2":{"name":"(anonymous_2)","decl":{"start":{"line":5,"column":78},"end":{"line":5,"column":79}},"loc":{"start":{"line":6,"column":4},"end":{"line":6,"column":47}}},"3":{"name":"(anonymous_3)","decl":{"start":{"line":8,"column":25},"end":{"line":8,"column":26}},"loc":{"start":{"line":8,"column":78},"end":{"line":9,"column":47}}},"4":{"name":"(anonymous_4)","decl":{"start":{"line":8,"column":78},"end":{"line":8,"column":79}},"loc":{"start":{"line":9,"column":4},"end":{"line":9,"column":47}}},"5":{"name":"(anonymous_5)","decl":{"start":{"line":11,"column":25},"end":{"line":11,"column":26}},"loc":{"start":{"line":11,"column":74},"end":{"line":12,"column":70}}},"6":{"name":"(anonymous_6)","decl":{"start":{"line":11,"column":74},"end":{"line":11,"column":75}},"loc":{"start":{"line":12,"column":4},"end":{"line":12,"column":70}}},"7":{"name":"(anonymous_7)","decl":{"start":{"line":14,"column":23},"end":{"line":14,"column":24}},"loc":{"start":{"line":14,"column":72},"end":{"line":20,"column":1}}},"8":{"name":"(anonymous_8)","decl":{"start":{"line":14,"column":72},"end":{"line":14,"column":73}},"loc":{"start":{"line":14,"column":110},"end":{"line":20,"column":1}}},"9":{"name":"(anonymous_9)","decl":{"start":{"line":22,"column":29},"end":{"line":22,"column":30}},"loc":{"start":{"line":22,"column":92},"end":{"line":28,"column":1}}}},"branchMap":{"0":{"loc":{"start":{"line":3,"column":63},"end":{"line":3,"column":110}},"type":"cond-expr","locations":[{"start":{"line":3,"column":72},"end":{"line":3,"column":98}},{"start":{"line":3,"column":101},"end":{"line":3,"column":110}}]},"1":{"loc":{"start":{"line":6,"column":4},"end":{"line":6,"column":47}},"type":"cond-expr","locations":[{"start":{"line":6,"column":28},"end":{"line":6,"column":35}},{"start":{"line":6,"column":38},"end":{"line":6,"column":47}}]},"2":{"loc":{"start":{"line":9,"column":4},"end":{"line":9,"column":47}},"type":"cond-expr","locations":[{"start":{"line":9,"column":28},"end":{"line":9,"column":35}},{"start":{"line":9,"column":38},"end":{"line":9,"column":47}}]},"3":{"loc":{"start":{"line":12,"column":4},"end":{"line":12,"column":70}},"type":"cond-expr","locations":[{"start":{"line":12,"column":51},"end":{"line":12,"column":58}},{"start":{"line":12,"column":61},"end":{"line":12,"column":70}}]},"4":{"loc":{"start":{"line":19,"column":11},"end":{"line":19,"column":63}},"type":"cond-expr","locations":[{"start":{"line":19,"column":44},"end":{"line":19,"column":53}},{"start":{"line":19,"column":56},"end":{"line":19,"column":63}}]},"5":{"loc":{"start":{"line":25,"column":8},"end":{"line":25,"column":32}},"type":"if","locations":[{"start":{"line":25,"column":8},"end":{"line":25,"column":32}}]}},"s":{"0":1,"1":5,"2":1,"3":1,"4":3,"5":4,"6":1,"7":1,"8":1,"9":2,"10":1,"11":1,"12":1,"13":2,"14":1,"15":1,"16":1,"17":3,"18":3,"19":3,"20":3,"21":3,"22":1,"23":1,"24":3,"25":5,"26":5,"27":2,"28":1,"29":1},"f":{"0":5,"1":3,"2":4,"3":1,"4":2,"5":1,"6":2,"7":1,"8":3,"9":3},"b":{"0":[2,3],"1":[2,2],"2":[1,1],"3":[1,1],"4":[2,1],"5":[2]}}
}
