TN:
SF:src/components/Modal.tsx
FN:10,(anonymous_0)
FNF:1
FNH:1
FNDA:4,(anonymous_0)
DA:10,1
DA:11,4
DA:28,1
LF:3
LH:3
BRDA:19,0,0,4
BRDA:19,0,1,1
BRF:2
BRH:2
end_of_record
TN:
SF:src/components/TableRow.tsx
FN:6,(anonymous_1)
FN:8,(anonymous_2)
FNF:2
FNH:2
FNDA:3,(anonymous_1)
FNDA:6,(anonymous_2)
DA:2,1
DA:3,1
DA:6,1
DA:8,3
DA:9,6
DA:10,6
DA:11,6
DA:12,6
DA:13,6
DA:16,3
DA:28,1
LF:11
LH:11
BRF:0
BRH:0
end_of_record
TN:
SF:src/components/Tooltip.tsx
FN:5,(anonymous_0)
FNF:1
FNH:1
FNDA:2,(anonymous_0)
DA:5,1
DA:6,2
DA:23,1
LF:3
LH:3
BRF:0
BRH:0
end_of_record
TN:
SF:src/pages/products/ProductForm/FormField.tsx
FN:16,(anonymous_1)
FN:19,(anonymous_2)
FNF:2
FNH:2
FNDA:8,(anonymous_1)
FNDA:8,(anonymous_2)
DA:2,1
DA:16,1
DA:19,8
DA:20,8
DA:21,1
DA:23,7
DA:24,1
DA:34,6
DA:46,8
DA:55,1
LF:10
LH:10
BRDA:17,0,0,8
BRDA:20,1,0,1
BRDA:23,2,0,1
BRDA:28,3,0,0
BRDA:28,3,1,1
BRDA:39,4,0,1
BRDA:39,4,1,5
BRDA:50,5,0,8
BRDA:50,5,1,1
BRF:9
BRH:8
end_of_record
TN:
SF:src/pages/products/ProductForm/formValidation.ts
FN:3,(anonymous_0)
FN:5,(anonymous_1)
FN:5,(anonymous_2)
FN:8,(anonymous_3)
FN:8,(anonymous_4)
FN:11,(anonymous_5)
FN:11,(anonymous_6)
FN:14,(anonymous_7)
FN:14,(anonymous_8)
FN:22,(anonymous_9)
FNF:10
FNH:10
FNDA:5,(anonymous_0)
FNDA:3,(anonymous_1)
FNDA:4,(anonymous_2)
FNDA:1,(anonymous_3)
FNDA:2,(anonymous_4)
FNDA:1,(anonymous_5)
FNDA:2,(anonymous_6)
FNDA:1,(anonymous_7)
FNDA:3,(anonymous_8)
FNDA:3,(anonymous_9)
DA:3,5
DA:5,3
DA:6,4
DA:8,1
DA:9,2
DA:11,1
DA:12,2
DA:14,1
DA:15,3
DA:16,3
DA:17,3
DA:18,3
DA:19,3
DA:22,1
DA:23,3
DA:24,5
DA:25,5
DA:27,1
LF:18
LH:18
BRDA:3,0,0,2
BRDA:3,0,1,3
BRDA:6,1,0,2
BRDA:6,1,1,2
BRDA:9,2,0,1
BRDA:9,2,1,1
BRDA:12,3,0,1
BRDA:12,3,1,1
BRDA:19,4,0,2
BRDA:19,4,1,1
BRDA:25,5,0,2
BRF:11
BRH:11
end_of_record
